2020-10-21 13:32:14.913  INFO 9276 --- [main] c.x.user_service.UserServiceApplication  : No active profile set, falling back to default profiles: default
2020-10-21 13:32:15.829  WARN 9276 --- [main] o.s.boot.actuate.endpoint.EndpointId     : Endpoint ID 'service-registry' contains invalid characters, please migrate to a valid format.
2020-10-21 13:32:15.933  INFO 9276 --- [main] o.s.cloud.context.scope.GenericScope     : BeanFactory id=89c35efb-072b-3e5c-bece-fba35d0eed0d
2020-10-21 13:32:16.238  INFO 9276 --- [main] o.s.b.w.embedded.tomcat.TomcatWebServer  : Tomcat initialized with port(s): 8201 (http)
2020-10-21 13:32:16.248  INFO 9276 --- [main] o.apache.catalina.core.StandardService   : Starting service [Tomcat]
2020-10-21 13:32:16.248  INFO 9276 --- [main] org.apache.catalina.core.StandardEngine  : Starting Servlet engine: [Apache Tomcat/9.0.38]
2020-10-21 13:32:16.385  INFO 9276 --- [main] o.a.c.c.C.[Tomcat].[localhost].[/]       : Initializing Spring embedded WebApplicationContext
2020-10-21 13:32:16.385  INFO 9276 --- [main] w.s.c.ServletWebServerApplicationContext : Root WebApplicationContext: initialization completed in 1446 ms
2020-10-21 13:32:16.445  WARN 9276 --- [main] c.n.c.sources.URLConfigurationSource     : No URLs will be polled as dynamic configuration sources.
2020-10-21 13:32:16.445  INFO 9276 --- [main] c.n.c.sources.URLConfigurationSource     : To enable URLs as dynamic configuration sources, define System property archaius.configurationSource.additionalUrls or make config.properties available on classpath.
2020-10-21 13:32:16.454  INFO 9276 --- [main] c.netflix.config.DynamicPropertyFactory  : DynamicPropertyFactory is initialized with configuration sources: com.netflix.config.ConcurrentCompositeConfiguration@3d7fb838
2020-10-21 13:32:16.563  WARN 9276 --- [main] c.n.c.sources.URLConfigurationSource     : No URLs will be polled as dynamic configuration sources.
2020-10-21 13:32:16.563  INFO 9276 --- [main] c.n.c.sources.URLConfigurationSource     : To enable URLs as dynamic configuration sources, define System property archaius.configurationSource.additionalUrls or make config.properties available on classpath.
2020-10-21 13:32:16.717  INFO 9276 --- [main] o.s.s.concurrent.ThreadPoolTaskExecutor  : Initializing ExecutorService 'applicationTaskExecutor'
2020-10-21 13:32:17.890  INFO 9276 --- [main] DiscoveryClientOptionalArgsConfiguration : Eureka HTTP Client uses Jersey
2020-10-21 13:32:17.923  WARN 9276 --- [main] ockingLoadBalancerClientRibbonWarnLogger : You already have RibbonLoadBalancerClient on your classpath. It will be used by default. As Spring Cloud Ribbon is in maintenance mode. We recommend switching to BlockingLoadBalancerClient instead. In order to use it, set the value of `spring.cloud.loadbalancer.ribbon.enabled` to `false` or remove spring-cloud-starter-netflix-ribbon from your project.
2020-10-21 13:32:17.977  INFO 9276 --- [main] o.s.b.a.e.web.EndpointLinksResolver      : Exposing 18 endpoint(s) beneath base path '/actuator'
2020-10-21 13:32:18.052  INFO 9276 --- [main] o.s.c.n.eureka.InstanceInfoFactory       : Setting initial instance status as: STARTING
2020-10-21 13:32:18.082  INFO 9276 --- [main] com.netflix.discovery.DiscoveryClient    : Initializing Eureka in region us-east-1
2020-10-21 13:32:18.236  INFO 9276 --- [main] c.n.d.provider.DiscoveryJerseyProvider   : Using JSON encoding codec LegacyJacksonJson
2020-10-21 13:32:18.236  INFO 9276 --- [main] c.n.d.provider.DiscoveryJerseyProvider   : Using JSON decoding codec LegacyJacksonJson
2020-10-21 13:32:18.331  INFO 9276 --- [main] c.n.d.provider.DiscoveryJerseyProvider   : Using XML encoding codec XStreamXml
2020-10-21 13:32:18.331  INFO 9276 --- [main] c.n.d.provider.DiscoveryJerseyProvider   : Using XML decoding codec XStreamXml
2020-10-21 13:32:18.485  INFO 9276 --- [main] c.n.d.s.r.aws.ConfigClusterResolver      : Resolving eureka endpoints via configuration
2020-10-21 13:32:18.683  INFO 9276 --- [main] com.netflix.discovery.DiscoveryClient    : Disable delta property : false
2020-10-21 13:32:18.683  INFO 9276 --- [main] com.netflix.discovery.DiscoveryClient    : Single vip registry refresh property : null
2020-10-21 13:32:18.683  INFO 9276 --- [main] com.netflix.discovery.DiscoveryClient    : Force full registry fetch : false
2020-10-21 13:32:18.683  INFO 9276 --- [main] com.netflix.discovery.DiscoveryClient    : Application is null : false
2020-10-21 13:32:18.683  INFO 9276 --- [main] com.netflix.discovery.DiscoveryClient    : Registered Applications size is zero : true
2020-10-21 13:32:18.683  INFO 9276 --- [main] com.netflix.discovery.DiscoveryClient    : Application version is -1: true
2020-10-21 13:32:18.683  INFO 9276 --- [main] com.netflix.discovery.DiscoveryClient    : Getting all instance registry info from the eureka server
2020-10-21 13:32:18.900  INFO 9276 --- [main] com.netflix.discovery.DiscoveryClient    : The response status is 200
2020-10-21 13:32:18.902  INFO 9276 --- [main] com.netflix.discovery.DiscoveryClient    : Starting heartbeat executor: renew interval is: 30
2020-10-21 13:32:18.903  INFO 9276 --- [main] c.n.discovery.InstanceInfoReplicator     : InstanceInfoReplicator onDemand update allowed rate per min is 4
2020-10-21 13:32:18.907  INFO 9276 --- [main] com.netflix.discovery.DiscoveryClient    : Discovery Client initialized at timestamp 1603258338907 with initial instances count: 0
2020-10-21 13:32:18.908  INFO 9276 --- [main] o.s.c.n.e.s.EurekaServiceRegistry        : Registering application USER-SERVICE with eureka with status UP
2020-10-21 13:32:18.910  INFO 9276 --- [main] com.netflix.discovery.DiscoveryClient    : Saw local status change event StatusChangeEvent [timestamp=1603258338910, current=UP, previous=STARTING]
2020-10-21 13:32:18.911  INFO 9276 --- [DiscoveryClient-InstanceInfoReplicator-0] com.netflix.discovery.DiscoveryClient    : DiscoveryClient_USER-SERVICE/windows10.microdone.cn:user-service:8201: registering service...
2020-10-21 13:32:18.945  INFO 9276 --- [main] o.s.b.w.embedded.tomcat.TomcatWebServer  : Tomcat started on port(s): 8201 (http) with context path ''
2020-10-21 13:32:18.947  INFO 9276 --- [main] .s.c.n.e.s.EurekaAutoServiceRegistration : Updating port to 8201
2020-10-21 13:32:19.003  INFO 9276 --- [DiscoveryClient-InstanceInfoReplicator-0] com.netflix.discovery.DiscoveryClient    : DiscoveryClient_USER-SERVICE/windows10.microdone.cn:user-service:8201 - registration status: 204
2020-10-21 13:32:19.276  INFO 9276 --- [main] c.x.user_service.UserServiceApplication  : Started UserServiceApplication in 6.655 seconds (JVM running for 7.945)
2020-10-21 13:32:19.615  INFO 9276 --- [RMI TCP Connection(1)-10.1.159.95] o.a.c.c.C.[Tomcat].[localhost].[/]       : Initializing Spring DispatcherServlet 'dispatcherServlet'
2020-10-21 13:32:19.616  INFO 9276 --- [RMI TCP Connection(1)-10.1.159.95] o.s.web.servlet.DispatcherServlet        : Initializing Servlet 'dispatcherServlet'
2020-10-21 13:32:19.622  INFO 9276 --- [RMI TCP Connection(1)-10.1.159.95] o.s.web.servlet.DispatcherServlet        : Completed initialization in 6 ms
2020-10-21 13:32:48.903  INFO 9276 --- [DiscoveryClient-CacheRefreshExecutor-0] com.netflix.discovery.DiscoveryClient    : Disable delta property : false
2020-10-21 13:32:48.904  INFO 9276 --- [DiscoveryClient-CacheRefreshExecutor-0] com.netflix.discovery.DiscoveryClient    : Single vip registry refresh property : null
2020-10-21 13:32:48.904  INFO 9276 --- [DiscoveryClient-CacheRefreshExecutor-0] com.netflix.discovery.DiscoveryClient    : Force full registry fetch : false
2020-10-21 13:32:48.904  INFO 9276 --- [DiscoveryClient-CacheRefreshExecutor-0] com.netflix.discovery.DiscoveryClient    : Application is null : false
2020-10-21 13:32:48.904  INFO 9276 --- [DiscoveryClient-CacheRefreshExecutor-0] com.netflix.discovery.DiscoveryClient    : Registered Applications size is zero : true
2020-10-21 13:32:48.904  INFO 9276 --- [DiscoveryClient-CacheRefreshExecutor-0] com.netflix.discovery.DiscoveryClient    : Application version is -1: false
2020-10-21 13:32:48.904  INFO 9276 --- [DiscoveryClient-CacheRefreshExecutor-0] com.netflix.discovery.DiscoveryClient    : Getting all instance registry info from the eureka server
2020-10-21 13:32:48.932  INFO 9276 --- [DiscoveryClient-CacheRefreshExecutor-0] com.netflix.discovery.DiscoveryClient    : The response status is 200
2020-10-21 13:37:18.686  INFO 9276 --- [AsyncResolver-bootstrap-executor-0] c.n.d.s.r.aws.ConfigClusterResolver      : Resolving eureka endpoints via configuration
2020-10-21 13:42:18.689  INFO 9276 --- [AsyncResolver-bootstrap-executor-0] c.n.d.s.r.aws.ConfigClusterResolver      : Resolving eureka endpoints via configuration
2020-10-21 13:47:18.692  INFO 9276 --- [AsyncResolver-bootstrap-executor-0] c.n.d.s.r.aws.ConfigClusterResolver      : Resolving eureka endpoints via configuration
2020-10-21 13:52:18.696  INFO 9276 --- [AsyncResolver-bootstrap-executor-0] c.n.d.s.r.aws.ConfigClusterResolver      : Resolving eureka endpoints via configuration
